[21:41:02] [ServerMain/INFO]: Building unoptimized datafixer
[21:41:03] [ServerMain/INFO]: Environment: authHost='https://authserver.mojang.com', accountsHost='https://api.mojang.com', sessionHost='https://sessionserver.mojang.com', servicesHost='https://api.minecraftservices.com', name='PROD'
[21:41:06] [ServerMain/INFO]: Loaded 7 recipes
[21:41:06] [ServerMain/INFO]: Loaded 1179 advancements
[21:41:06] [Server thread/INFO]: Starting minecraft server version 1.19.3
[21:41:06] [Server thread/INFO]: Loading properties
[21:41:06] [Server thread/INFO]: Default game type: SURVIVAL
[21:41:06] [Server thread/INFO]: Generating keypair
[21:41:06] [Server thread/INFO]: Starting Minecraft server on 127.0.0.1:25565
[21:41:06] [Server thread/INFO]: Using default channel type
[21:41:06] [Server thread/INFO]: Preparing level "world"
[21:41:08] [Server thread/INFO]: Preparing start region for dimension minecraft:overworld
[21:41:10] [Worker-Main-5/INFO]: Preparing spawn area: 0%
[21:41:10] [Worker-Main-5/INFO]: Preparing spawn area: 0%
[21:41:10] [Worker-Main-5/INFO]: Preparing spawn area: 0%
[21:41:10] [Worker-Main-1/INFO]: Preparing spawn area: 0%
[21:41:10] [Worker-Main-1/INFO]: Preparing spawn area: 0%
[21:41:11] [Worker-Main-1/INFO]: Preparing spawn area: 0%
[21:41:11] [Worker-Main-5/INFO]: Preparing spawn area: 69%
[21:41:11] [Server thread/INFO]: Time elapsed: 3161 ms
[21:41:11] [Server thread/INFO]: Done (4.829s)! For help, type "help"
[21:42:41] [User Authenticator #1/INFO]: UUID of player Zeniith_ita is f8ca8cab-9ae5-4a93-8781-9f0661051f79
[21:42:41] [Server thread/INFO]: Zeniith_ita[/127.0.0.1:63844] logged in with entity id 60 at (-15.5, 96.0, 14.5)
[21:42:41] [Server thread/INFO]: Zeniith_ita joined the game
